#
# There is insufficient memory for the Java Runtime Environment to continue.
# Native memory allocation (malloc) failed to allocate 1048576 bytes for AllocateHeap
# Possible reasons:
#   The system is out of physical RAM or swap space
#   The process is running with CompressedOops enabled, and the Java Heap may be blocking the growth of the native heap
# Possible solutions:
#   Reduce memory load on the system
#   Increase physical memory or swap space
#   Check if swap backing store is full
#   Decrease Java heap size (-Xmx/-Xms)
#   Decrease number of Java threads
#   Decrease Java thread stack sizes (-Xss)
#   Set larger code cache with -XX:ReservedCodeCacheSize=
#   JVM is running with Unscaled Compressed Oops mode in which the Java heap is
#     placed in the first 4GB address space. The Java Heap base address is the
#     maximum limit for the native heap growth. Please use -XX:HeapBaseMinAddress
#     to set the Java Heap base and to place the Java Heap above 4GB virtual address.
# This output file may be truncated or incomplete.
#
#  Out of Memory Error (t:/workspace/open/src/hotspot/share/memory/allocation.cpp:45), pid=524, tid=4152
#
# JRE version: OpenJDK Runtime Environment (13.0+33) (build 13+33)
# Java VM: OpenJDK 64-Bit Server VM (13+33, mixed mode, sharing, tiered, compressed oops, g1 gc, windows-amd64)
# No core dump will be written. Minidumps are not enabled by default on client versions of Windows
#

---------------  S U M M A R Y ------------

Command Line: --module-path=C:\Program Files\Java\javafx-sdk-13.0.1\lib --add-modules=javafx.controls,javafx.fxml -Dfile.encoding=Cp1250 hr.java.vjezbe.Main

Host: Intel(R) Pentium(R) CPU  N3710  @ 1.60GHz, 4 cores, 3G,  Windows 8.1 , 64 bit Build 9600 (6.3.9600.17031)
Time: Tue Dec 10 21:03:41 2019 Central European Standard Time elapsed time: 28 seconds (0d 0h 0m 28s)

---------------  T H R E A D  ---------------

Current thread (0x000000e0793b7800):  VMThread "VM Thread" [stack: 0x000000e079c50000,0x000000e079d50000] [id=4152]

Stack: [0x000000e079c50000,0x000000e079d50000]
[error occurred during error reporting (printing stack bounds), id 0xc0000005, EXCEPTION_ACCESS_VIOLATION (0xc0000005) at pc=0x000000e0000010bd]

Native frames: (J=compiled Java code, j=interpreted, Vv=VM code, C=native code)
V  [jvm.dll+0x626eaa]
V  [jvm.dll+0x772c4a]
V  [jvm.dll+0x7743ff]
V  [jvm.dll+0x774965]
V  [jvm.dll+0x77491b]
V  [jvm.dll+0x6266df]
C  [ntdll.dll+0x4baf9]
C  [ntdll.dll+0x49033]
C  [ntdll.dll+0x9c9ee]
C  0x000000e0000010bd

VM_Operation (0x000000e07c9b6330): CollectForMetadataAllocation, mode: safepoint, requested by thread 0x000000e07b4ee800


---------------  P R O C E S S  ---------------

Threads class SMR info:
_java_thread_list=0x000000e07bd6abf0, length=17, elements={
0x000000e06bcbf800, 0x000000e0793ba000, 0x000000e0793bb800, 0x000000e0793d5800,
0x000000e0793da800, 0x000000e0793e3800, 0x000000e0793ed800, 0x000000e0793f0800,
0x000000e0793ae000, 0x000000e07b2fb800, 0x000000e07b0cc000, 0x000000e07ac0a000,
0x000000e07b4ee800, 0x000000e07b545800, 0x000000e07b01c800, 0x000000e07e292000,
0x000000e07b3a0800
}

Java Threads: ( => current thread )
  0x000000e06bcbf800 JavaThread "main" [_thread_blocked, id=6088, stack(0x000000e06b370000,0x000000e06b470000)]
  0x000000e0793ba000 JavaThread "Reference Handler" daemon [_thread_blocked, id=5704, stack(0x000000e079d50000,0x000000e079e50000)]
  0x000000e0793bb800 JavaThread "Finalizer" daemon [_thread_blocked, id=5288, stack(0x000000e079e50000,0x000000e079f50000)]
  0x000000e0793d5800 JavaThread "Signal Dispatcher" daemon [_thread_blocked, id=6748, stack(0x000000e07a050000,0x000000e07a150000)]
  0x000000e0793da800 JavaThread "Attach Listener" daemon [_thread_blocked, id=5832, stack(0x000000e07a150000,0x000000e07a250000)]
  0x000000e0793e3800 JavaThread "C2 CompilerThread0" daemon [_thread_blocked, id=7080, stack(0x000000e07a250000,0x000000e07a350000)]
  0x000000e0793ed800 JavaThread "C1 CompilerThread0" daemon [_thread_blocked, id=6448, stack(0x000000e07a350000,0x000000e07a450000)]
  0x000000e0793f0800 JavaThread "Sweeper thread" daemon [_thread_blocked, id=6972, stack(0x000000e07a450000,0x000000e07a550000)]
  0x000000e0793ae000 JavaThread "Common-Cleaner" daemon [_thread_blocked, id=3124, stack(0x000000e07a950000,0x000000e07aa50000)]
  0x000000e07b2fb800 JavaThread "Service Thread" daemon [_thread_blocked, id=6340, stack(0x000000e07c320000,0x000000e07c420000)]
  0x000000e07b0cc000 JavaThread "QuantumRenderer-0" daemon [_thread_blocked, id=7044, stack(0x000000e07aa50000,0x000000e07ab50000)]
  0x000000e07ac0a000 JavaThread "InvokeLaterDispatcher" daemon [_thread_blocked, id=3536, stack(0x000000e07c7c0000,0x000000e07c8c0000)]
  0x000000e07b4ee800 JavaThread "JavaFX Application Thread" [_thread_blocked, id=6864, stack(0x000000e07c8c0000,0x000000e07c9c0000)]
  0x000000e07b545800 JavaThread "Thread-1" daemon [_thread_blocked, id=5616, stack(0x000000e07d2d0000,0x000000e07d3d0000)]
  0x000000e07b01c800 JavaThread "JavaFX-Launcher" [_thread_blocked, id=4452, stack(0x000000e07d3d0000,0x000000e07d4d0000)]
  0x000000e07e292000 JavaThread "Prism Font Disposer" daemon [_thread_blocked, id=5396, stack(0x000000e07d780000,0x000000e07d880000)]
  0x000000e07b3a0800 JavaThread "Cleaner-0" daemon [_thread_blocked, id=6176, stack(0x000000e019aa0000,0x000000e019ba0000)]

Other Threads:
=>0x000000e0793b7800 VMThread "VM Thread" [stack: 0x000000e079c50000,0x000000e079d50000] [id=4152]
  0x000000e07a87f000 WatcherThread [stack: 0x000000e07c420000,0x000000e07c520000] [id=4612]
  0x000000e06bced000 GCTaskThread "GC Thread#0" [stack: 0x000000e076910000,0x000000e076a10000] [id=3364]
  0x000000e07b53a000 GCTaskThread "GC Thread#1" [stack: 0x000000e07cfd0000,0x000000e07d0d0000] [id=2832]
  0x000000e07b537000 GCTaskThread "GC Thread#2" [stack: 0x000000e07d0d0000,0x000000e07d1d0000] [id=4456]
  0x000000e07b53a800 GCTaskThread "GC Thread#3" [stack: 0x000000e07d1d0000,0x000000e07d2d0000] [id=668]
  0x000000e06bcf9800 ConcurrentGCThread "G1 Main Marker" [stack: 0x000000e076a10000,0x000000e076b10000] [id=2252]
  0x000000e06bcfb000 ConcurrentGCThread "G1 Conc#0" [stack: 0x000000e076b10000,0x000000e076c10000] [id=6792]
  0x000000e06bd55000 ConcurrentGCThread "G1 Refine#0" [stack: 0x000000e079050000,0x000000e079150000] [id=6600]
  0x000000e07c1c2000 ConcurrentGCThread "G1 Refine#1" [stack: 0x000000e019ba0000,0x000000e019ca0000] [id=5776]
  0x000000e06bd59000 ConcurrentGCThread "G1 Young RemSet Sampling" [stack: 0x000000e079150000,0x000000e079250000] [id=2716]

Threads with active compile tasks:
C2 CompilerThread0    28907 2379       4       javafx.css.CompoundSelector::applies (144 bytes)

VM state:at safepoint (normal execution)

VM Mutex/Monitor currently owned by a thread:  ([mutex/lock_event])
[0x000000e06bcbb8b0] Threads_lock - owner thread: 0x000000e0793b7800
[0x000000e06bcba620] Heap_lock - owner thread: 0x000000e07b4ee800

Heap address: 0x00000000c1400000, size: 1004 MB, Compressed Oops mode: 32-bit
Narrow klass base: 0x0000000800000000, Narrow klass shift: 3
Compressed class space size: 1073741824 Address: 0x0000000800b40000

Heap:
 garbage-first heap   total 65536K, used 10606K [0x00000000c1400000, 0x0000000100000000)
  region size 1024K, 2 young (2048K), 2 survivors (2048K)
 Metaspace       used 16866K, capacity 17563K, committed 17664K, reserved 1073152K
  class space    used 2437K, capacity 2737K, committed 2816K, reserved 1048576K
Heap Regions: E=young(eden), S=young(survivor), O=old, HS=humongous(starts), HC=humongous(continues), CS=collection set, F=free, A=archive, TAMS=top-at-mark-start (previous, next)
|   0|0x00000000c1400000, 0x00000000c1500000, 0x00000000c1500000|100%| O|  |TAMS 0x00000000c1400000, 0x00000000c1500000| Untracked 
|   1|0x00000000c1500000, 0x00000000c1600000, 0x00000000c1600000|100%| O|  |TAMS 0x00000000c1500000, 0x00000000c1600000| Untracked 
|   2|0x00000000c1600000, 0x00000000c1700000, 0x00000000c1700000|100%|HS|  |TAMS 0x00000000c1600000, 0x00000000c1700000| Complete 
|   3|0x00000000c1700000, 0x00000000c1800000, 0x00000000c1800000|100%|HC|  |TAMS 0x00000000c1700000, 0x00000000c1800000| Complete 
|   4|0x00000000c1800000, 0x00000000c1900000, 0x00000000c1900000|100%| O|  |TAMS 0x00000000c1800000, 0x00000000c1900000| Untracked 
|   5|0x00000000c1900000, 0x00000000c1a00000, 0x00000000c1a00000|100%| O|  |TAMS 0x00000000c1900000, 0x00000000c1a00000| Untracked 
|   6|0x00000000c1a00000, 0x00000000c1b00000, 0x00000000c1b00000|100%| O|  |TAMS 0x00000000c1a00000, 0x00000000c1b00000| Untracked 
|   7|0x00000000c1b00000, 0x00000000c1c00000, 0x00000000c1c00000|100%| O|  |TAMS 0x00000000c1b00000, 0x00000000c1c00000| Untracked 
|   8|0x00000000c1c00000, 0x00000000c1c9dc00, 0x00000000c1d00000| 61%| O|  |TAMS 0x00000000c1c00000, 0x00000000c1c9dc00| Untracked 
|   9|0x00000000c1d00000, 0x00000000c1d00000, 0x00000000c1e00000|  0%| F|  |TAMS 0x00000000c1d00000, 0x00000000c1d00000| Untracked 
|  10|0x00000000c1e00000, 0x00000000c1e00000, 0x00000000c1f00000|  0%| F|  |TAMS 0x00000000c1e00000, 0x00000000c1e00000| Untracked 
|  11|0x00000000c1f00000, 0x00000000c1f00000, 0x00000000c2000000|  0%| F|  |TAMS 0x00000000c1f00000, 0x00000000c1f00000| Untracked 
|  12|0x00000000c2000000, 0x00000000c2000000, 0x00000000c2100000|  0%| F|  |TAMS 0x00000000c2000000, 0x00000000c2000000| Untracked 
|  13|0x00000000c2100000, 0x00000000c2100000, 0x00000000c2200000|  0%| F|  |TAMS 0x00000000c2100000, 0x00000000c2100000| Untracked 
|  14|0x00000000c2200000, 0x00000000c2200000, 0x00000000c2300000|  0%| F|  |TAMS 0x00000000c2200000, 0x00000000c2200000| Untracked 
|  15|0x00000000c2300000, 0x00000000c2300000, 0x00000000c2400000|  0%| F|  |TAMS 0x00000000c2300000, 0x00000000c2300000| Untracked 
|  16|0x00000000c2400000, 0x00000000c2400000, 0x00000000c2500000|  0%| F|  |TAMS 0x00000000c2400000, 0x00000000c2400000| Untracked 
|  17|0x00000000c2500000, 0x00000000c2500000, 0x00000000c2600000|  0%| F|  |TAMS 0x00000000c2500000, 0x00000000c2500000| Untracked 
|  18|0x00000000c2600000, 0x00000000c2600000, 0x00000000c2700000|  0%| F|  |TAMS 0x00000000c2600000, 0x00000000c2600000| Untracked 
|  19|0x00000000c2700000, 0x00000000c2700000, 0x00000000c2800000|  0%| F|  |TAMS 0x00000000c2700000, 0x00000000c2700000| Untracked 
|  20|0x00000000c2800000, 0x00000000c2800000, 0x00000000c2900000|  0%| F|  |TAMS 0x00000000c2800000, 0x00000000c2800000| Untracked 
|  21|0x00000000c2900000, 0x00000000c2900000, 0x00000000c2a00000|  0%| F|  |TAMS 0x00000000c2900000, 0x00000000c2900000| Untracked 
|  22|0x00000000c2a00000, 0x00000000c2a00000, 0x00000000c2b00000|  0%| F|  |TAMS 0x00000000c2a00000, 0x00000000c2a00000| Untracked 
|  23|0x00000000c2b00000, 0x00000000c2b00000, 0x00000000c2c00000|  0%| F|  |TAMS 0x00000000c2b00000, 0x00000000c2b00000| Untracked 
|  24|0x00000000c2c00000, 0x00000000c2c00000, 0x00000000c2d00000|  0%| F|  |TAMS 0x00000000c2c00000, 0x00000000c2c00000| Untracked 
|  25|0x00000000c2d00000, 0x00000000c2d00000, 0x00000000c2e00000|  0%| F|  |TAMS 0x00000000c2d00000, 0x00000000c2d00000| Untracked 
|  26|0x00000000c2e00000, 0x00000000c2e00000, 0x00000000c2f00000|  0%| F|  |TAMS 0x00000000c2e00000, 0x00000000c2e00000| Untracked 
|  27|0x00000000c2f00000, 0x00000000c2f00000, 0x00000000c3000000|  0%| F|  |TAMS 0x00000000c2f00000, 0x00000000c2f00000| Untracked 
|  28|0x00000000c3000000, 0x00000000c3000000, 0x00000000c3100000|  0%| F|  |TAMS 0x00000000c3000000, 0x00000000c3000000| Untracked 
|  29|0x00000000c3100000, 0x00000000c3100000, 0x00000000c3200000|  0%| F|  |TAMS 0x00000000c3100000, 0x00000000c3100000| Untracked 
|  30|0x00000000c3200000, 0x00000000c3200000, 0x00000000c3300000|  0%| F|  |TAMS 0x00000000c3200000, 0x00000000c3200000| Untracked 
|  31|0x00000000c3300000, 0x00000000c3300000, 0x00000000c3400000|  0%| F|  |TAMS 0x00000000c3300000, 0x00000000c3300000| Untracked 
|  32|0x00000000c3400000, 0x00000000c3400000, 0x00000000c3500000|  0%| F|  |TAMS 0x00000000c3400000, 0x00000000c3400000| Untracked 
|  33|0x00000000c3500000, 0x00000000c3500000, 0x00000000c3600000|  0%| F|  |TAMS 0x00000000c3500000, 0x00000000c3500000| Untracked 
|  34|0x00000000c3600000, 0x00000000c3600000, 0x00000000c3700000|  0%| F|  |TAMS 0x00000000c3600000, 0x00000000c3600000| Untracked 
|  35|0x00000000c3700000, 0x00000000c3700000, 0x00000000c3800000|  0%| F|  |TAMS 0x00000000c3700000, 0x00000000c3700000| Untracked 
|  36|0x00000000c3800000, 0x00000000c3800000, 0x00000000c3900000|  0%| F|  |TAMS 0x00000000c3800000, 0x00000000c3800000| Untracked 
|  37|0x00000000c3900000, 0x00000000c3900000, 0x00000000c3a00000|  0%| F|  |TAMS 0x00000000c3900000, 0x00000000c3900000| Untracked 
|  38|0x00000000c3a00000, 0x00000000c3a00000, 0x00000000c3b00000|  0%| F|  |TAMS 0x00000000c3a00000, 0x00000000c3a00000| Untracked 
|  39|0x00000000c3b00000, 0x00000000c3b00000, 0x00000000c3c00000|  0%| F|  |TAMS 0x00000000c3b00000, 0x00000000c3b00000| Untracked 
|  40|0x00000000c3c00000, 0x00000000c3c00000, 0x00000000c3d00000|  0%| F|  |TAMS 0x00000000c3c00000, 0x00000000c3c00000| Untracked 
|  41|0x00000000c3d00000, 0x00000000c3d00000, 0x00000000c3e00000|  0%| F|  |TAMS 0x00000000c3d00000, 0x00000000c3d00000| Untracked 
|  42|0x00000000c3e00000, 0x00000000c3e00000, 0x00000000c3f00000|  0%| F|  |TAMS 0x00000000c3e00000, 0x00000000c3e00000| Untracked 
|  43|0x00000000c3f00000, 0x00000000c3f00000, 0x00000000c4000000|  0%| F|  |TAMS 0x00000000c3f00000, 0x00000000c3f00000| Untracked 
|  44|0x00000000c4000000, 0x00000000c4000000, 0x00000000c4100000|  0%| F|  |TAMS 0x00000000c4000000, 0x00000000c4000000| Untracked 
|  45|0x00000000c4100000, 0x00000000c4100000, 0x00000000c4200000|  0%| F|  |TAMS 0x00000000c4100000, 0x00000000c4100000| Untracked 
|  46|0x00000000c4200000, 0x00000000c4200000, 0x00000000c4300000|  0%| F|  |TAMS 0x00000000c4200000, 0x00000000c4200000| Untracked 
|  47|0x00000000c4300000, 0x00000000c4300000, 0x00000000c4400000|  0%| F|  |TAMS 0x00000000c4300000, 0x00000000c4300000| Untracked 
|  48|0x00000000c4400000, 0x00000000c4400000, 0x00000000c4500000|  0%| F|  |TAMS 0x00000000c4400000, 0x00000000c4400000| Untracked 
|  49|0x00000000c4500000, 0x00000000c4500000, 0x00000000c4600000|  0%| F|  |TAMS 0x00000000c4500000, 0x00000000c4500000| Untracked 
|  50|0x00000000c4600000, 0x00000000c4600000, 0x00000000c4700000|  0%| F|  |TAMS 0x00000000c4600000, 0x00000000c4600000| Untracked 
|  51|0x00000000c4700000, 0x00000000c4700000, 0x00000000c4800000|  0%| F|  |TAMS 0x00000000c4700000, 0x00000000c4700000| Untracked 
|  52|0x00000000c4800000, 0x00000000c48bdd30, 0x00000000c4900000| 74%| S|CS|TAMS 0x00000000c4800000, 0x00000000c4800000| Complete 
|  53|0x00000000c4900000, 0x00000000c4a00000, 0x00000000c4a00000|100%| S|CS|TAMS 0x00000000c4900000, 0x00000000c4900000| Complete 
|  54|0x00000000c4a00000, 0x00000000c4a00000, 0x00000000c4b00000|  0%| F|  |TAMS 0x00000000c4a00000, 0x00000000c4a00000| Untracked 
|  55|0x00000000c4b00000, 0x00000000c4b00000, 0x00000000c4c00000|  0%| F|  |TAMS 0x00000000c4b00000, 0x00000000c4b00000| Untracked 
|  56|0x00000000c4c00000, 0x00000000c4c00000, 0x00000000c4d00000|  0%| F|  |TAMS 0x00000000c4c00000, 0x00000000c4c00000| Untracked 
|  57|0x00000000c4d00000, 0x00000000c4d00000, 0x00000000c4e00000|  0%| F|  |TAMS 0x00000000c4d00000, 0x00000000c4d00000| Untracked 
|  58|0x00000000c4e00000, 0x00000000c4e00000, 0x00000000c4f00000|  0%| F|  |TAMS 0x00000000c4e00000, 0x00000000c4e00000| Untracked 
|  59|0x00000000c4f00000, 0x00000000c4f00000, 0x00000000c5000000|  0%| F|  |TAMS 0x00000000c4f00000, 0x00000000c4f00000| Untracked 
|  60|0x00000000c5000000, 0x00000000c5000000, 0x00000000c5100000|  0%| F|  |TAMS 0x00000000c5000000, 0x00000000c5000000| Untracked 
|  61|0x00000000c5100000, 0x00000000c5100000, 0x00000000c5200000|  0%| F|  |TAMS 0x00000000c5100000, 0x00000000c5100000| Untracked 
|  62|0x00000000c5200000, 0x00000000c5200000, 0x00000000c5300000|  0%| F|  |TAMS 0x00000000c5200000, 0x00000000c5200000| Untracked 
|  63|0x00000000c5300000, 0x00000000c5300000, 0x00000000c5400000|  0%| F|  |TAMS 0x00000000c5300000, 0x00000000c5300000| Untracked 

Card table byte_map: [0x000000e0745b0000,0x000000e0747b0000] _byte_map_base: 0x000000e073fa6000

Marking Bits (Prev, Next): (CMBitMap*) 0x000000e06bcef128, (CMBitMap*) 0x000000e06bcef168
 Prev Bits: [0x000000e0749b0000, 0x000000e075960000)
 Next Bits: [0x000000e075960000, 0x000000e076910000)

Polling page: 0x000000e069c00000

Metaspace:

Usage:
  Non-class:     14.48 MB capacity,    14.09 MB ( 97%) used,   328.23 KB (  2%) free+waste,    69.38 KB ( <1%) overhead. 
      Class:      2.67 MB capacity,     2.38 MB ( 89%) used,   261.07 KB ( 10%) free+waste,    37.94 KB (  1%) overhead. 
       Both:     17.15 MB capacity,    16.47 MB ( 96%) used,   589.30 KB (  3%) free+waste,   107.31 KB ( <1%) overhead. 

Virtual space:
  Non-class space:       24.00 MB reserved,      14.50 MB ( 60%) committed 
      Class space:        1.00 GB reserved,       2.75 MB ( <1%) committed 
             Both:        1.02 GB reserved,      17.25 MB (  2%) committed 

Chunk freelists:
   Non-Class:  22.00 KB
       Class:  15.00 KB
        Both:  37.00 KB

MaxMetaspaceSize: 17179869184.00 GB
CompressedClassSpaceSize: 1.00 GB

CodeHeap 'non-profiled nmethods': size=120064Kb used=987Kb max_used=987Kb free=119076Kb
 bounds [0x000000e007ac0000, 0x000000e007d30000, 0x000000e00f000000]
CodeHeap 'profiled nmethods': size=120000Kb used=4722Kb max_used=4722Kb free=115277Kb
 bounds [0x000000e000590000, 0x000000e000a30000, 0x000000e007ac0000]
CodeHeap 'non-nmethods': size=5696Kb used=1459Kb max_used=1474Kb free=4236Kb
 bounds [0x000000e000000000, 0x000000e000270000, 0x000000e000590000]
 total_blobs=3907 nmethods=2378 adapters=695
 compilation: enabled
              stopped_count=0, restarted_count=0
 full_count=0

Compilation events (20 events):
Event: 28.667 Thread 0x000000e0793ed800 2389       3       javafx.scene.Parent::setChildDirty (74 bytes)
Event: 28.671 Thread 0x000000e0793ed800 nmethod 2389 0x000000e000a27f10 code [0x000000e000a28120, 0x000000e000a28920]
Event: 28.671 Thread 0x000000e0793ed800 2386       3       com.sun.javafx.event.EventHandlerManager::dispatchBubblingEvent (34 bytes)
Event: 28.674 Thread 0x000000e0793ed800 nmethod 2386 0x000000e000a28b90 code [0x000000e000a28d80, 0x000000e000a294a0]
Event: 28.674 Thread 0x000000e0793ed800 2388       3       java.util.ArrayList::rangeCheckForAdd (26 bytes)
Event: 28.677 Thread 0x000000e0793ed800 nmethod 2388 0x000000e000a29690 code [0x000000e000a298e0, 0x000000e000a2a010]
Event: 28.677 Thread 0x000000e0793ed800 2390       3       java.lang.Double::doubleToLongBits (16 bytes)
Event: 28.678 Thread 0x000000e0793ed800 nmethod 2390 0x000000e000a2a310 code [0x000000e000a2a4c0, 0x000000e000a2a758]
Event: 28.678 Thread 0x000000e0793ed800 2385       3       javafx.scene.Node::getStyle (23 bytes)
Event: 28.679 Thread 0x000000e0793ed800 nmethod 2385 0x000000e000a2a810 code [0x000000e000a2a9e0, 0x000000e000a2ad90]
Event: 28.679 Thread 0x000000e0793ed800 2377       3       java.util.ArrayList::toArray (12 bytes)
Event: 28.681 Thread 0x000000e0793ed800 nmethod 2377 0x000000e000a2ae90 code [0x000000e000a2b040, 0x000000e000a2b290]
Event: 28.681 Thread 0x000000e0793ed800 2376       3       java.io.File::isInvalid (47 bytes)
Event: 28.683 Thread 0x000000e0793ed800 nmethod 2376 0x000000e000a2b390 code [0x000000e000a2b580, 0x000000e000a2bb00]
Event: 28.683 Thread 0x000000e0793ed800 2375       3       java.lang.String::toCharArray (25 bytes)
Event: 28.686 Thread 0x000000e0793ed800 nmethod 2375 0x000000e000a2bc90 code [0x000000e000a2be80, 0x000000e000a2c3e0]
Event: 28.686 Thread 0x000000e0793ed800 2374       3       java.util.concurrent.CopyOnWriteArrayList::size (6 bytes)
Event: 28.687 Thread 0x000000e0793ed800 nmethod 2374 0x000000e000a2c590 code [0x000000e000a2c740, 0x000000e000a2c8d8]
Event: 28.687 Thread 0x000000e0793ed800 2387       1       com.sun.javafx.font.PrismFontFile::getDefaultAAMode (2 bytes)
Event: 28.687 Thread 0x000000e0793ed800 nmethod 2387 0x000000e007bb6c10 code [0x000000e007bb6da0, 0x000000e007bb6ed8]

GC Heap History (8 events):
Event: 7.730 GC heap before
{Heap before GC invocations=0 (full 0):
 garbage-first heap   total 65536K, used 13312K [0x00000000c1400000, 0x0000000100000000)
  region size 1024K, 14 young (14336K), 0 survivors (0K)
 Metaspace       used 3417K, capacity 6529K, committed 6656K, reserved 1056768K
  class space    used 383K, capacity 717K, committed 768K, reserved 1048576K
}
Event: 7.787 GC heap after
{Heap after GC invocations=1 (full 0):
 garbage-first heap   total 65536K, used 2217K [0x00000000c1400000, 0x0000000100000000)
  region size 1024K, 2 young (2048K), 2 survivors (2048K)
 Metaspace       used 3417K, capacity 6529K, committed 6656K, reserved 1056768K
  class space    used 383K, capacity 717K, committed 768K, reserved 1048576K
}
Event: 23.285 GC heap before
{Heap before GC invocations=1 (full 0):
 garbage-first heap   total 65536K, used 39081K [0x00000000c1400000, 0x0000000100000000)
  region size 1024K, 38 young (38912K), 2 survivors (2048K)
 Metaspace       used 14297K, capacity 15564K, committed 15744K, reserved 1062912K
  class space    used 2108K, capacity 2413K, committed 2432K, reserved 1048576K
}
Event: 23.328 GC heap after
{Heap after GC invocations=2 (full 0):
 garbage-first heap   total 65536K, used 6747K [0x00000000c1400000, 0x0000000100000000)
  region size 1024K, 5 young (5120K), 5 survivors (5120K)
 Metaspace       used 14297K, capacity 15564K, committed 15744K, reserved 1062912K
  class space    used 2108K, capacity 2413K, committed 2432K, reserved 1048576K
}
Event: 24.196 GC heap before
{Heap before GC invocations=2 (full 0):
 garbage-first heap   total 65536K, used 10843K [0x00000000c1400000, 0x0000000100000000)
  region size 1024K, 7 young (7168K), 5 survivors (5120K)
 Metaspace       used 14585K, capacity 15777K, committed 16000K, reserved 1062912K
  class space    used 2133K, capacity 2420K, committed 2432K, reserved 1048576K
}
Event: 24.238 GC heap after
{Heap after GC invocations=3 (full 0):
 garbage-first heap   total 65536K, used 9639K [0x00000000c1400000, 0x0000000100000000)
  region size 1024K, 1 young (1024K), 1 survivors (1024K)
 Metaspace       used 14585K, capacity 15777K, committed 16000K, reserved 1062912K
  class space    used 2133K, capacity 2420K, committed 2432K, reserved 1048576K
}
Event: 28.711 GC heap before
{Heap before GC invocations=3 (full 0):
 garbage-first heap   total 65536K, used 17831K [0x00000000c1400000, 0x0000000100000000)
  region size 1024K, 10 young (10240K), 1 survivors (1024K)
 Metaspace       used 16866K, capacity 17563K, committed 17664K, reserved 1071104K
  class space    used 2437K, capacity 2737K, committed 2816K, reserved 1048576K
}
Event: 28.737 GC heap after
{Heap after GC invocations=4 (full 0):
 garbage-first heap   total 65536K, used 10606K [0x00000000c1400000, 0x0000000100000000)
  region size 1024K, 2 young (2048K), 2 survivors (2048K)
 Metaspace       used 16866K, capacity 17563K, committed 17664K, reserved 1071104K
  class space    used 2437K, capacity 2737K, committed 2816K, reserved 1048576K
}

Deoptimization events (20 events):
Event: 26.888 Thread 0x000000e07b4ee800 Uncommon trap: trap_request=0xffffffc6 fr.pc=0x000000e007b2812c relative=0x00000000000004cc
Event: 26.889 Thread 0x000000e07b4ee800 Uncommon trap: reason=bimorphic_or_optimized_type_check action=maybe_recompile pc=0x000000e007b2812c method=java.util.concurrent.ConcurrentHashMap.get(Ljava/lang/Object;)Ljava/lang/Object; @ 149 c2
Event: 26.889 Thread 0x000000e07b4ee800 DEOPT PACKING pc=0x000000e007b2812c sp=0x000000e07c9bb570
Event: 26.889 Thread 0x000000e07b4ee800 DEOPT UNPACKING pc=0x000000e000049429 sp=0x000000e07c9bb510 mode 2
Event: 27.421 Thread 0x000000e07b4ee800 Uncommon trap: trap_request=0xffffffc6 fr.pc=0x000000e007b2812c relative=0x00000000000004cc
Event: 27.421 Thread 0x000000e07b4ee800 Uncommon trap: reason=bimorphic_or_optimized_type_check action=maybe_recompile pc=0x000000e007b2812c method=java.util.concurrent.ConcurrentHashMap.get(Ljava/lang/Object;)Ljava/lang/Object; @ 149 c2
Event: 27.421 Thread 0x000000e07b4ee800 DEOPT PACKING pc=0x000000e007b2812c sp=0x000000e07c9bbcf0
Event: 27.422 Thread 0x000000e07b4ee800 DEOPT UNPACKING pc=0x000000e000049429 sp=0x000000e07c9bbc90 mode 2
Event: 27.883 Thread 0x000000e07b4ee800 Uncommon trap: trap_request=0xffffff45 fr.pc=0x000000e007bae700 relative=0x00000000000002e0
Event: 27.884 Thread 0x000000e07b4ee800 Uncommon trap: reason=unstable_if action=reinterpret pc=0x000000e007bae700 method=java.io.BufferedReader.read()I @ 19 c2
Event: 27.885 Thread 0x000000e07b4ee800 DEOPT PACKING pc=0x000000e007bae700 sp=0x000000e07c9b8ba0
Event: 27.885 Thread 0x000000e07b4ee800 DEOPT UNPACKING pc=0x000000e000049429 sp=0x000000e07c9b8b50 mode 2
Event: 28.601 Thread 0x000000e07b4ee800 Uncommon trap: trap_request=0xffffff45 fr.pc=0x000000e007b70ce8 relative=0x00000000000006c8
Event: 28.601 Thread 0x000000e07b4ee800 Uncommon trap: reason=unstable_if action=reinterpret pc=0x000000e007b70ce8 method=javafx.css.SimpleSelector.applies(Ljavafx/css/Styleable;)Z @ 7 c2
Event: 28.601 Thread 0x000000e07b4ee800 DEOPT PACKING pc=0x000000e007b70ce8 sp=0x000000e07c9bb680
Event: 28.601 Thread 0x000000e07b4ee800 DEOPT UNPACKING pc=0x000000e000049429 sp=0x000000e07c9bb638 mode 2
Event: 28.651 Thread 0x000000e07b4ee800 DEOPT PACKING pc=0x000000e000948414 sp=0x000000e07c9bd890
Event: 28.651 Thread 0x000000e07b4ee800 DEOPT UNPACKING pc=0x000000e00004993f sp=0x000000e07c9bcd18 mode 0
Event: 28.651 Thread 0x000000e07b4ee800 DEOPT PACKING pc=0x000000e000948414 sp=0x000000e07c9bddd0
Event: 28.652 Thread 0x000000e07b4ee800 DEOPT UNPACKING pc=0x000000e00004993f sp=0x000000e07c9bd258 mode 0

Classes unloaded (0 events):
No events

Classes redefined (0 events):
No events

Internal exceptions (20 events):
Event: 8.033 Thread 0x000000e07b01c800 Exception <a 'java/lang/NoSuchMethodError'{0x00000000c52778d0}: 'void java.lang.invoke.DirectMethodHandle$Holder.invokeStatic(java.lang.Object, java.lang.Object, java.lang.Object, java.lang.Object)'> (0x00000000c52778d0) 
thrown [t:/workspace/open/src/hotspot/share/interpreter/linkResolver.cpp, line 767]
Event: 10.177 Thread 0x000000e07b4ee800 Exception <a 'java/lang/NoSuchMethodError'{0x00000000c4c3f200}: 'java.lang.Object java.lang.invoke.DirectMethodHandle$Holder.invokeStaticInit(java.lang.Object, java.lang.Object, java.lang.Object, java.lang.Object)'> (0x00000000c4c3f200) 
thrown [t:/workspace/open/src/hotspot/share/interpreter/linkResolver.cpp, line 767]
Event: 10.188 Thread 0x000000e07b4ee800 Exception <a 'java/lang/NullPointerException'{0x00000000c4c497c8}> (0x00000000c4c497c8) 
thrown [t:/workspace/open/src/hotspot/share/interpreter/linkResolver.cpp, line 1349]
Event: 10.216 Thread 0x000000e07b4ee800 Exception <a 'java/lang/NoSuchMethodError'{0x00000000c4c68020}: 'void java.lang.invoke.DirectMethodHandle$Holder.invokeSpecial(java.lang.Object, java.lang.Object, java.lang.Object, java.lang.Object, java.lang.Object)'> (0x00000000c4c68020) 
thrown [t:/workspace/open/src/hotspot/share/interpreter/linkResolver.cpp, line 767]
Event: 11.521 Thread 0x000000e07b4ee800 Exception <a 'java/lang/NoSuchMethodError'{0x00000000c434c758}: 'void java.lang.invoke.DirectMethodHandle$Holder.invokeStaticInit(java.lang.Object, java.lang.Object)'> (0x00000000c434c758) 
thrown [t:/workspace/open/src/hotspot/share/interpreter/linkResolver.cpp, line 767]
Event: 13.890 Thread 0x000000e07b4ee800 Implicit null exception at 0x000000e007b24c85 to 0x000000e007b25072
Event: 13.890 Thread 0x000000e07b4ee800 Implicit null exception at 0x000000e007b19068 to 0x000000e007b190fa
Event: 14.024 Thread 0x000000e07b4ee800 Implicit null exception at 0x000000e007adf9af to 0x000000e007adfa2d
Event: 14.777 Thread 0x000000e07b4ee800 Exception <a 'java/io/FileNotFoundException'{0x00000000c3db7c00}> (0x00000000c3db7c00) 
thrown [t:/workspace/open/src/hotspot/share/prims/jni.cpp, line 598]
Event: 15.149 Thread 0x000000e07b4ee800 Exception <a 'java/lang/NoSuchMethodError'{0x00000000c3b078c8}: 'int java.lang.invoke.DirectMethodHandle$Holder.invokeStaticInit(java.lang.Object, java.lang.Object)'> (0x00000000c3b078c8) 
thrown [t:/workspace/open/src/hotspot/share/interpreter/linkResolver.cpp, line 767]
Event: 15.581 Thread 0x000000e07b4ee800 Exception <a 'java/lang/NoSuchMethodError'{0x00000000c384cf68}: 'void java.lang.invoke.DirectMethodHandle$Holder.invokeSpecial(java.lang.Object, java.lang.Object, java.lang.Object, java.lang.Object, java.lang.Object, java.lang.Object)'> (0x00000000c384cf68) 
thrown [t:/workspace/open/src/hotspot/share/interpreter/linkResolver.cpp, line 767]
Event: 15.783 Thread 0x000000e07b4ee800 Exception <a 'java/lang/NoSuchMethodError'{0x00000000c3740540}: 'java.lang.Object java.lang.invoke.DirectMethodHandle$Holder.invokeInterface(java.lang.Object, java.lang.Object, java.lang.Object)'> (0x00000000c3740540) 
thrown [t:/workspace/open/src/hotspot/share/interpreter/linkResolver.cpp, line 767]
Event: 15.785 Thread 0x000000e07b4ee800 Exception <a 'java/lang/IncompatibleClassChangeError'{0x00000000c37433d0}: Found class java.lang.Object, but interface was expected> (0x00000000c37433d0) 
thrown [t:/workspace/open/src/hotspot/share/interpreter/linkResolver.cpp, line 833]
Event: 16.053 Thread 0x000000e07b4ee800 Exception <a 'java/lang/NoSuchMethodError'{0x00000000c36d7cf0}: 'java.lang.Object java.lang.invoke.Invokers$Holder.linkToTargetMethod(java.lang.Object, int, java.lang.Object)'> (0x00000000c36d7cf0) 
thrown [t:/workspace/open/src/hotspot/share/interpreter/linkResolver.cpp, line 767]
Event: 22.901 Thread 0x000000e07b4ee800 Exception <a 'java/lang/NoSuchMethodError'{0x00000000c2f3b008}: 'long java.lang.invoke.DirectMethodHandle$Holder.invokeStatic(java.lang.Object, java.lang.Object, java.lang.Object)'> (0x00000000c2f3b008) 
thrown [t:/workspace/open/src/hotspot/share/interpreter/linkResolver.cpp, line 767]
Event: 22.904 Thread 0x000000e07b4ee800 Exception <a 'java/lang/NoSuchMethodError'{0x00000000c2f3dcb0}: 'long java.lang.invoke.DirectMethodHandle$Holder.invokeStaticInit(java.lang.Object, java.lang.Object, java.lang.Object)'> (0x00000000c2f3dcb0) 
thrown [t:/workspace/open/src/hotspot/share/interpreter/linkResolver.cpp, line 767]
Event: 22.922 Thread 0x000000e07b4ee800 Exception <a 'java/lang/NoSuchMethodError'{0x00000000c2f52030}: 'java.lang.Object java.lang.invoke.Invokers$Holder.linkToTargetMethod(java.lang.Object, long, java.lang.Object)'> (0x00000000c2f52030) 
thrown [t:/workspace/open/src/hotspot/share/interpreter/linkResolver.cpp, line 767]
Event: 23.032 Thread 0x000000e07b0cc000 Exception <a 'java/lang/NoSuchMethodError'{0x00000000c321e668}: 'java.lang.Object java.lang.invoke.DirectMethodHandle$Holder.invokeStaticInit(java.lang.Object, int)'> (0x00000000c321e668) 
thrown [t:/workspace/open/src/hotspot/share/interpreter/linkResolver.cpp, line 767]
Event: 27.899 Thread 0x000000e07b4ee800 Exception <a 'java/lang/ClassNotFoundException'{0x00000000c4db1e68}: javax/smartcardio/CardPermission> (0x00000000c4db1e68) 
thrown [t:/workspace/open/src/hotspot/share/classfile/systemDictionary.cpp, line 232]
Event: 27.933 Thread 0x000000e07b4ee800 Exception <a 'java/io/FileNotFoundException'{0x00000000c4dc2b80}> (0x00000000c4dc2b80) 
thrown [t:/workspace/open/src/hotspot/share/prims/jni.cpp, line 598]

Events (20 events):
Event: 28.512 loading class hr/java/vjezbe/iznimke/CijenaJePreniskaException done
Event: 28.517 loading class hr/java/vjezbe/entitet/Artikl
Event: 28.517 loading class hr/java/vjezbe/entitet/Artikl done
Event: 28.517 loading class hr/java/vjezbe/entitet/Artikl
Event: 28.517 loading class hr/java/vjezbe/entitet/Artikl done
Event: 28.519 loading class hr/java/vjezbe/entitet/Artikl
Event: 28.519 loading class hr/java/vjezbe/entitet/Artikl done
Event: 28.519 loading class hr/java/vjezbe/entitet/Artikl
Event: 28.519 loading class hr/java/vjezbe/entitet/Artikl done
Event: 28.521 loading class hr/java/vjezbe/StanoviController$1
Event: 28.521 loading class hr/java/vjezbe/StanoviController$1 done
Event: 28.536 loading class hr/java/vjezbe/StanoviController$2
Event: 28.536 loading class hr/java/vjezbe/StanoviController$2 done
Event: 28.554 loading class hr/java/vjezbe/StanoviController$3
Event: 28.554 loading class hr/java/vjezbe/StanoviController$3 done
Event: 28.571 loading class hr/java/vjezbe/StanoviController$4
Event: 28.571 loading class hr/java/vjezbe/StanoviController$4 done
Event: 28.585 loading class hr/java/vjezbe/StanoviController$5
Event: 28.585 loading class hr/java/vjezbe/StanoviController$5 done
Event: 28.711 Executing VM operation: CollectForMetadataAllocation


Dynamic libraries:
0x00007ff6b23d0000 - 0x00007ff6b23dd000 	C:\Users\Patricija Kuže\Downloads\openjdk-13_windows-x64_bin\jdk-13\bin\javaw.exe
0x00007ffe283b0000 - 0x00007ffe2855a000 	C:\Windows\SYSTEM32\ntdll.dll
0x00007ffe281b0000 - 0x00007ffe282ea000 	C:\Windows\system32\KERNEL32.DLL
0x00007ffe257f0000 - 0x00007ffe25900000 	C:\Windows\system32\KERNELBASE.dll
0x00007ffe10ee0000 - 0x00007ffe10ef8000 	C:\Users\Patricija Kuže\Downloads\openjdk-13_windows-x64_bin\jdk-13\bin\jli.dll
0x00007ffe10ab0000 - 0x00007ffe10ac5000 	C:\Users\Patricija Kuže\Downloads\openjdk-13_windows-x64_bin\jdk-13\bin\VCRUNTIME140.dll
0x00007ffe18330000 - 0x00007ffe18334000 	C:\Users\Patricija Kuže\Downloads\openjdk-13_windows-x64_bin\jdk-13\bin\api-ms-win-crt-stdio-l1-1-0.dll
0x00007ffe17ee0000 - 0x00007ffe17ee4000 	C:\Users\Patricija Kuže\Downloads\openjdk-13_windows-x64_bin\jdk-13\bin\api-ms-win-crt-runtime-l1-1-0.dll
0x00007ffe157b0000 - 0x00007ffe157b3000 	C:\Users\Patricija Kuže\Downloads\openjdk-13_windows-x64_bin\jdk-13\bin\api-ms-win-crt-environment-l1-1-0.dll
0x00007ffe12cd0000 - 0x00007ffe12cd5000 	C:\Users\Patricija Kuže\Downloads\openjdk-13_windows-x64_bin\jdk-13\bin\api-ms-win-crt-math-l1-1-0.dll
0x00007ffe125c0000 - 0x00007ffe125c3000 	C:\Users\Patricija Kuže\Downloads\openjdk-13_windows-x64_bin\jdk-13\bin\api-ms-win-crt-locale-l1-1-0.dll
0x00007ffe11050000 - 0x00007ffe11053000 	C:\Users\Patricija Kuže\Downloads\openjdk-13_windows-x64_bin\jdk-13\bin\api-ms-win-crt-heap-l1-1-0.dll
0x00007ffe22e80000 - 0x00007ffe230da000 	C:\Windows\WinSxS\amd64_microsoft.windows.common-controls_6595b64144ccf1df_6.0.9600.17031_none_6242a4b3ecbb55a1\COMCTL32.dll
0x00007ffe25d00000 - 0x00007ffe25e71000 	C:\Windows\system32\USER32.dll
0x00007ffe11030000 - 0x00007ffe11033000 	C:\Users\Patricija Kuže\Downloads\openjdk-13_windows-x64_bin\jdk-13\bin\api-ms-win-crt-filesystem-l1-1-0.dll
0x00007ffe105a0000 - 0x00007ffe105a4000 	C:\Users\Patricija Kuže\Downloads\openjdk-13_windows-x64_bin\jdk-13\bin\api-ms-win-crt-string-l1-1-0.dll
0x00007ffe103e0000 - 0x00007ffe103e4000 	C:\Users\Patricija Kuže\Downloads\openjdk-13_windows-x64_bin\jdk-13\bin\api-ms-win-crt-convert-l1-1-0.dll
0x00007ffe261e0000 - 0x00007ffe26287000 	C:\Windows\system32\msvcrt.dll
0x00007ffe263d0000 - 0x00007ffe26515000 	C:\Windows\system32\GDI32.dll
0x00007ffdfb280000 - 0x00007ffdfb37c000 	C:\Users\Patricija Kuže\Downloads\openjdk-13_windows-x64_bin\jdk-13\bin\ucrtbase.DLL
0x00007ffe25fc0000 - 0x00007ffe25ff4000 	C:\Windows\system32\IMM32.DLL
0x00007ffe25e80000 - 0x00007ffe25fb9000 	C:\Windows\system32\MSCTF.dll
0x00007ffded680000 - 0x00007ffded71b000 	C:\Users\Patricija Kuže\Downloads\openjdk-13_windows-x64_bin\jdk-13\bin\msvcp140.dll
0x00007ffe10110000 - 0x00007ffe10113000 	C:\Users\Patricija Kuže\Downloads\openjdk-13_windows-x64_bin\jdk-13\bin\api-ms-win-crt-time-l1-1-0.dll
0x00007ffdfb270000 - 0x00007ffdfb273000 	C:\Users\Patricija Kuže\Downloads\openjdk-13_windows-x64_bin\jdk-13\bin\api-ms-win-crt-utility-l1-1-0.dll
0x00007ffdebb70000 - 0x00007ffdec6d6000 	C:\Users\Patricija Kuže\Downloads\openjdk-13_windows-x64_bin\jdk-13\bin\server\jvm.dll
0x00007ffe26850000 - 0x00007ffe268f5000 	C:\Windows\system32\ADVAPI32.dll
0x00007ffe20940000 - 0x00007ffe20949000 	C:\Windows\SYSTEM32\WSOCK32.dll
0x00007ffe1f830000 - 0x00007ffe1f84f000 	C:\Windows\SYSTEM32\WINMM.dll
0x00007ffe1fc60000 - 0x00007ffe1fc6a000 	C:\Windows\SYSTEM32\VERSION.dll
0x00007ffe25c30000 - 0x00007ffe25c37000 	C:\Windows\system32\PSAPI.DLL
0x00007ffe26b40000 - 0x00007ffe26b97000 	C:\Windows\SYSTEM32\sechost.dll
0x00007ffe26290000 - 0x00007ffe263c6000 	C:\Windows\system32\RPCRT4.dll
0x00007ffe26900000 - 0x00007ffe26958000 	C:\Windows\system32\WS2_32.dll
0x00007ffe1f110000 - 0x00007ffe1f13a000 	C:\Windows\SYSTEM32\WINMMBASE.dll
0x00007ffe282f0000 - 0x00007ffe282f9000 	C:\Windows\system32\NSI.dll
0x00007ffe25900000 - 0x00007ffe2594a000 	C:\Windows\SYSTEM32\cfgmgr32.dll
0x00007ffe245e0000 - 0x00007ffe24606000 	C:\Windows\SYSTEM32\DEVOBJ.dll
0x00007ffdfb260000 - 0x00007ffdfb270000 	C:\Users\Patricija Kuže\Downloads\openjdk-13_windows-x64_bin\jdk-13\bin\verify.dll
0x00007ffe1ebf0000 - 0x00007ffe1ed78000 	C:\Windows\SYSTEM32\DBGHELP.DLL
0x00007ffdfb130000 - 0x00007ffdfb156000 	C:\Users\Patricija Kuže\Downloads\openjdk-13_windows-x64_bin\jdk-13\bin\java.dll
0x00007ffdeef20000 - 0x00007ffdeef37000 	C:\Users\Patricija Kuže\Downloads\openjdk-13_windows-x64_bin\jdk-13\bin\zip.dll
0x00007ffdeef10000 - 0x00007ffdeef1a000 	C:\Users\Patricija Kuže\Downloads\openjdk-13_windows-x64_bin\jdk-13\bin\jimage.dll
0x00007ffe26d30000 - 0x00007ffe28147000 	C:\Windows\system32\SHELL32.dll
0x00007ffe26960000 - 0x00007ffe26b36000 	C:\Windows\SYSTEM32\combase.dll
0x00007ffe28150000 - 0x00007ffe281a1000 	C:\Windows\system32\SHLWAPI.dll
0x00007ffe23de0000 - 0x00007ffe23e7f000 	C:\Windows\SYSTEM32\SHCORE.dll
0x00007ffe25720000 - 0x00007ffe25734000 	C:\Windows\SYSTEM32\profapi.dll
0x00007ffdeeef0000 - 0x00007ffdeef09000 	C:\Users\Patricija Kuže\Downloads\openjdk-13_windows-x64_bin\jdk-13\bin\net.dll
0x00007ffe1f500000 - 0x00007ffe1f5c5000 	C:\Windows\SYSTEM32\WINHTTP.dll
0x00007ffe1c640000 - 0x00007ffe1c7a0000 	C:\Windows\SYSTEM32\urlmon.dll
0x00007ffe26ba0000 - 0x00007ffe26d18000 	C:\Windows\system32\ole32.dll
0x00007ffe1f140000 - 0x00007ffe1f3e9000 	C:\Windows\SYSTEM32\iertutil.dll
0x00007ffe1f600000 - 0x00007ffe1f830000 	C:\Windows\SYSTEM32\WININET.dll
0x00007ffe24d30000 - 0x00007ffe24d4f000 	C:\Windows\SYSTEM32\USERENV.dll
0x00007ffe24f80000 - 0x00007ffe24fd8000 	C:\Windows\system32\mswsock.dll
0x00007ffdeeed0000 - 0x00007ffdeeee3000 	C:\Users\Patricija Kuže\Downloads\openjdk-13_windows-x64_bin\jdk-13\bin\nio.dll
0x00007ffded670000 - 0x00007ffded673000 	C:\Program Files\Java\javafx-sdk-13.0.1\bin\api-ms-win-core-console-l1-1-0.dll
0x00007ffded660000 - 0x00007ffded663000 	C:\Program Files\Java\javafx-sdk-13.0.1\bin\api-ms-win-core-datetime-l1-1-0.dll
0x00007ffded650000 - 0x00007ffded653000 	C:\Program Files\Java\javafx-sdk-13.0.1\bin\api-ms-win-core-debug-l1-1-0.dll
0x00007ffded640000 - 0x00007ffded643000 	C:\Program Files\Java\javafx-sdk-13.0.1\bin\api-ms-win-core-errorhandling-l1-1-0.dll
0x00007ffded630000 - 0x00007ffded634000 	C:\Program Files\Java\javafx-sdk-13.0.1\bin\api-ms-win-core-file-l1-1-0.dll
0x00007ffded620000 - 0x00007ffded623000 	C:\Program Files\Java\javafx-sdk-13.0.1\bin\api-ms-win-core-file-l1-2-0.dll
0x00007ffded610000 - 0x00007ffded613000 	C:\Program Files\Java\javafx-sdk-13.0.1\bin\api-ms-win-core-file-l2-1-0.dll
0x00007ffded600000 - 0x00007ffded603000 	C:\Program Files\Java\javafx-sdk-13.0.1\bin\api-ms-win-core-handle-l1-1-0.dll
0x00007ffded5f0000 - 0x00007ffded5f3000 	C:\Program Files\Java\javafx-sdk-13.0.1\bin\api-ms-win-core-heap-l1-1-0.dll
0x00007ffded5e0000 - 0x00007ffded5e3000 	C:\Program Files\Java\javafx-sdk-13.0.1\bin\api-ms-win-core-interlocked-l1-1-0.dll
0x00007ffded5d0000 - 0x00007ffded5d3000 	C:\Program Files\Java\javafx-sdk-13.0.1\bin\api-ms-win-core-libraryloader-l1-1-0.dll
0x00007ffded5c0000 - 0x00007ffded5c3000 	C:\Program Files\Java\javafx-sdk-13.0.1\bin\api-ms-win-core-localization-l1-2-0.dll
0x00007ffded5b0000 - 0x00007ffded5b3000 	C:\Program Files\Java\javafx-sdk-13.0.1\bin\api-ms-win-core-memory-l1-1-0.dll
0x00007ffded5a0000 - 0x00007ffded5a3000 	C:\Program Files\Java\javafx-sdk-13.0.1\bin\api-ms-win-core-namedpipe-l1-1-0.dll
0x00007ffded590000 - 0x00007ffded593000 	C:\Program Files\Java\javafx-sdk-13.0.1\bin\api-ms-win-core-processenvironment-l1-1-0.dll
0x00007ffded580000 - 0x00007ffded583000 	C:\Program Files\Java\javafx-sdk-13.0.1\bin\api-ms-win-core-processthreads-l1-1-0.dll
0x00007ffded570000 - 0x00007ffded573000 	C:\Program Files\Java\javafx-sdk-13.0.1\bin\api-ms-win-core-processthreads-l1-1-1.dll
0x00007ffded560000 - 0x00007ffded563000 	C:\Program Files\Java\javafx-sdk-13.0.1\bin\api-ms-win-core-profile-l1-1-0.dll
0x00007ffded550000 - 0x00007ffded553000 	C:\Program Files\Java\javafx-sdk-13.0.1\bin\api-ms-win-core-rtlsupport-l1-1-0.dll
0x00007ffded540000 - 0x00007ffded543000 	C:\Program Files\Java\javafx-sdk-13.0.1\bin\api-ms-win-core-string-l1-1-0.dll
0x00007ffded530000 - 0x00007ffded533000 	C:\Program Files\Java\javafx-sdk-13.0.1\bin\api-ms-win-core-synch-l1-1-0.dll
0x00007ffded520000 - 0x00007ffded523000 	C:\Program Files\Java\javafx-sdk-13.0.1\bin\api-ms-win-core-synch-l1-2-0.dll
0x00007ffded510000 - 0x00007ffded513000 	C:\Program Files\Java\javafx-sdk-13.0.1\bin\api-ms-win-core-sysinfo-l1-1-0.dll
0x00007ffded500000 - 0x00007ffded503000 	C:\Program Files\Java\javafx-sdk-13.0.1\bin\api-ms-win-core-timezone-l1-1-0.dll
0x00007ffded4f0000 - 0x00007ffded4f3000 	C:\Program Files\Java\javafx-sdk-13.0.1\bin\api-ms-win-core-util-l1-1-0.dll
0x00007ffded4e0000 - 0x00007ffded4e3000 	C:\Program Files\Java\javafx-sdk-13.0.1\bin\api-ms-win-crt-conio-l1-1-0.dll
0x00007ffded4d0000 - 0x00007ffded4d4000 	C:\Program Files\Java\javafx-sdk-13.0.1\bin\api-ms-win-crt-convert-l1-1-0.dll
0x00007ffded4c0000 - 0x00007ffded4c3000 	C:\Program Files\Java\javafx-sdk-13.0.1\bin\api-ms-win-crt-environment-l1-1-0.dll
0x00007ffded4b0000 - 0x00007ffded4b3000 	C:\Program Files\Java\javafx-sdk-13.0.1\bin\api-ms-win-crt-filesystem-l1-1-0.dll
0x00007ffded4a0000 - 0x00007ffded4a3000 	C:\Program Files\Java\javafx-sdk-13.0.1\bin\api-ms-win-crt-heap-l1-1-0.dll
0x00007ffded490000 - 0x00007ffded493000 	C:\Program Files\Java\javafx-sdk-13.0.1\bin\api-ms-win-crt-locale-l1-1-0.dll
0x00007ffded480000 - 0x00007ffded485000 	C:\Program Files\Java\javafx-sdk-13.0.1\bin\api-ms-win-crt-math-l1-1-0.dll
0x00007ffded470000 - 0x00007ffded475000 	C:\Program Files\Java\javafx-sdk-13.0.1\bin\api-ms-win-crt-multibyte-l1-1-0.dll
0x00007ffded460000 - 0x00007ffded470000 	C:\Program Files\Java\javafx-sdk-13.0.1\bin\api-ms-win-crt-private-l1-1-0.dll
0x00007ffded450000 - 0x00007ffded453000 	C:\Program Files\Java\javafx-sdk-13.0.1\bin\api-ms-win-crt-process-l1-1-0.dll
0x00007ffded440000 - 0x00007ffded444000 	C:\Program Files\Java\javafx-sdk-13.0.1\bin\api-ms-win-crt-runtime-l1-1-0.dll
0x00007ffded430000 - 0x00007ffded434000 	C:\Program Files\Java\javafx-sdk-13.0.1\bin\api-ms-win-crt-stdio-l1-1-0.dll
0x00007ffded420000 - 0x00007ffded424000 	C:\Program Files\Java\javafx-sdk-13.0.1\bin\api-ms-win-crt-string-l1-1-0.dll
0x00007ffded240000 - 0x00007ffded243000 	C:\Program Files\Java\javafx-sdk-13.0.1\bin\api-ms-win-crt-time-l1-1-0.dll
0x00007ffded230000 - 0x00007ffded233000 	C:\Program Files\Java\javafx-sdk-13.0.1\bin\api-ms-win-crt-utility-l1-1-0.dll
0x00007ffded130000 - 0x00007ffded22c000 	C:\Program Files\Java\javafx-sdk-13.0.1\bin\ucrtbase.dll
0x00007ffded110000 - 0x00007ffded125000 	C:\Program Files\Java\javafx-sdk-13.0.1\bin\vcruntime140.dll
0x00007ffded070000 - 0x00007ffded10b000 	C:\Program Files\Java\javafx-sdk-13.0.1\bin\msvcp140.dll
0x00007ffdecd10000 - 0x00007ffdecd61000 	C:\Program Files\Java\javafx-sdk-13.0.1\bin\concrt140.dll
0x00007ffded040000 - 0x00007ffded063000 	C:\Program Files\Java\javafx-sdk-13.0.1\bin\prism_d3d.dll
0x00007ffe03330000 - 0x00007ffe0353a000 	C:\Windows\system32\d3d9.dll
0x00007ffe230e0000 - 0x00007ffe23100000 	C:\Windows\SYSTEM32\dwmapi.dll
0x00007ffe24400000 - 0x00007ffe24521000 	C:\Windows\system32\uxtheme.dll
0x00007ffe231d0000 - 0x00007ffe2341d000 	C:\Windows\SYSTEM32\d3d10warp.dll
0x00007ffdebb20000 - 0x00007ffdebb65000 	C:\Program Files\Java\javafx-sdk-13.0.1\bin\glass.dll
0x00007ffe25c40000 - 0x00007ffe25cda000 	C:\Windows\system32\COMDLG32.dll
0x00007ffe26590000 - 0x00007ffe26647000 	C:\Windows\system32\OLEAUT32.dll
0x00007ffe24350000 - 0x00007ffe2435a000 	C:\Windows\SYSTEM32\kernel.appcore.dll
0x00007ffe25590000 - 0x00007ffe2559a000 	C:\Windows\SYSTEM32\CRYPTBASE.dll
0x00007ffe25530000 - 0x00007ffe25590000 	C:\Windows\SYSTEM32\bcryptPrimitives.dll
0x00007ffdebb00000 - 0x00007ffdebb14000 	C:\Program Files\Java\javafx-sdk-13.0.1\bin\javafx_font.dll
0x00007ffe223e0000 - 0x00007ffe225bf000 	C:\Windows\SYSTEM32\dwrite.dll
0x00007ffe28300000 - 0x00007ffe283a4000 	C:\Windows\SYSTEM32\clbcatq.dll
0x00007ffe23be0000 - 0x00007ffe23d73000 	C:\Windows\SYSTEM32\WindowsCodecs.dll
0x00007ffe24fe0000 - 0x00007ffe24ffe000 	C:\Windows\SYSTEM32\CRYPTSP.dll
0x00007ffe24c20000 - 0x00007ffe24c55000 	C:\Windows\system32\rsaenh.dll
0x00007ffe25210000 - 0x00007ffe25236000 	C:\Windows\SYSTEM32\bcrypt.dll
0x00007ffdedf90000 - 0x00007ffdedfb9000 	C:\Program Files\Common Files\Microsoft Shared\Ink\rtscom.dll

dbghelp: loaded successfully - version: 4.0.5 - missing functions: none
symbol engine: initialized successfully - sym options: 0x614 - pdb path: .;C:\Users\Patricija Kuže\Downloads\openjdk-13_windows-x64_bin\jdk-13\bin;C:\Windows\SYSTEM32;C:\Windows\WinSxS\amd64_microsoft.windows.common-controls_6595b64144ccf1df_6.0.9600.17031_none_6242a4b3ecbb55a1;C:\Users\Patricija Kuže\Downloads\openjdk-13_windows-x64_bin\jdk-13\bin\server;C:\Program Files\Java\javafx-sdk-13.0.1\bin;C:\Program Files\Common Files\Microsoft Shared\Ink

VM Arguments:
jvm_args: --module-path=C:\Program Files\Java\javafx-sdk-13.0.1\lib --add-modules=javafx.controls,javafx.fxml -Dfile.encoding=Cp1250 
java_command: hr.java.vjezbe.Main
java_class_path (initial): C:\Users\Patricija Kuže\eclipse-workspace\Kuze-8\target\classes;C:\Users\Patricija Kuže\.m2\repository\ch\qos\logback\logback-classic\1.2.3\logback-classic-1.2.3.jar;C:\Users\Patricija Kuže\.m2\repository\ch\qos\logback\logback-core\1.2.3\logback-core-1.2.3.jar;C:\Users\Patricija Kuže\.m2\repository\org\slf4j\slf4j-api\1.7.25\slf4j-api-1.7.25.jar;C:\Users\Patricija Kuže\.m2\repository\org\openjfx\javafx-controls\13.0.1\javafx-controls-13.0.1.jar;C:\Users\Patricija Kuže\.m2\repository\org\openjfx\javafx-controls\13.0.1\javafx-controls-13.0.1-win.jar;C:\Users\Patricija Kuže\.m2\repository\org\openjfx\javafx-graphics\13.0.1\javafx-graphics-13.0.1.jar;C:\Users\Patricija Kuže\.m2\repository\org\openjfx\javafx-graphics\13.0.1\javafx-graphics-13.0.1-win.jar;C:\Users\Patricija Kuže\.m2\repository\org\openjfx\javafx-base\13.0.1\javafx-base-13.0.1.jar;C:\Users\Patricija Kuže\.m2\repository\org\openjfx\javafx-base\13.0.1\javafx-base-13.0.1-win.jar;C:\Users\Patricija Kuže\.m2\repository\org\openjfx\javafx-fxml\13.0.1\javafx-fxml-13.0.1.jar;C:\Users\Patricija Kuže\.m2\repository\org\openjfx\javafx-fxml\13.0.1\javafx-fxml-13.0.1-win.jar
Launcher Type: SUN_STANDARD

[Global flags]
     intx CICompilerCount                          = 3                                         {product} {ergonomic}
     uint ConcGCThreads                            = 1                                         {product} {ergonomic}
     uint G1ConcRefinementThreads                  = 4                                         {product} {ergonomic}
   size_t G1HeapRegionSize                         = 1048576                                   {product} {ergonomic}
    uintx GCDrainStackTargetSize                   = 64                                        {product} {ergonomic}
   size_t InitialHeapSize                          = 67108864                                  {product} {ergonomic}
   size_t MarkStackSize                            = 4194304                                   {product} {ergonomic}
   size_t MaxHeapSize                              = 1052770304                                {product} {ergonomic}
   size_t MaxNewSize                               = 631242752                                 {product} {ergonomic}
   size_t MinHeapDeltaBytes                        = 1048576                                   {product} {ergonomic}
   size_t MinHeapSize                              = 8388608                                   {product} {ergonomic}
    uintx NonNMethodCodeHeapSize                   = 5830732                                {pd product} {ergonomic}
    uintx NonProfiledCodeHeapSize                  = 122913754                              {pd product} {ergonomic}
    uintx ProfiledCodeHeapSize                     = 122913754                              {pd product} {ergonomic}
    uintx ReservedCodeCacheSize                    = 251658240                              {pd product} {ergonomic}
     bool SegmentedCodeCache                       = true                                      {product} {ergonomic}
   size_t SoftMaxHeapSize                          = 1052770304                             {manageable} {ergonomic}
     bool UseCompressedClassPointers               = true                                 {lp64_product} {ergonomic}
     bool UseCompressedOops                        = true                                 {lp64_product} {ergonomic}
     bool UseG1GC                                  = true                                      {product} {ergonomic}
     bool UseLargePagesIndividualAllocation        = false                                  {pd product} {ergonomic}

Logging:
Log output configuration:
 #0: stdout all=warning uptime,level,tags
 #1: stderr all=off uptime,level,tags

Environment Variables:
JAVA_HOME=C:\Program Files\Java\jdk1.8.0_121
PATH=C:/Program Files (x86)/Java/jdk1.8.0_121/bin/../jre/bin/server;C:/Program Files (x86)/Java/jdk1.8.0_121/bin/../jre/bin;C:/Program Files (x86)/Java/jdk1.8.0_121/bin/../jre/lib/amd64;C:\Program Files (x86)\Java\jdk1.8.0_121\bin;C:\Program Files\PuTTY\;C:\Program Files\Intel\WiFi\bin\;C:\Program Files\Common Files\Intel\WirelessCommon\;C:\Users\Patricija Kuže\AppData\Local\Programs\Microsoft VS Code\bin;C:\Program Files (x86)\Java\jdk1.8.0_121\bin;C:\Users\Patricija Kuže\Downloads\eclipse-jee-2019-09-R-win32-x86_64\eclipse;
USERNAME=Patricija Kuže
OS=Windows_NT
PROCESSOR_IDENTIFIER=Intel64 Family 6 Model 76 Stepping 4, GenuineIntel



---------------  S Y S T E M  ---------------

OS: Windows 8.1 , 64 bit Build 9600 (6.3.9600.17031)

CPU:total 4 (initial active 4) (4 cores per cpu, 1 threads per core) family 6 model 76 stepping 4, cmov, cx8, fxsr, mmx, sse, sse2, sse3, ssse3, sse4.1, sse4.2, popcnt, aes, clmul, erms, 3dnowpref, tsc, tscinvbit

Memory: 4k page, system-wide physical 4009M (437M free)
TotalPageFile size 4009M (AvailPageFile size 4M)
current process WorkingSet (physical memory assigned to process): 155M, peak: 155M
current process commit charge ("private bytes"): 202M, peak: 203M

vm_info: OpenJDK 64-Bit Server VM (13+33) for windows-amd64 JRE (13+33), built on Aug  9 2019 11:21:18 by "mach5one" with unknown MS VC++:1916

END.
